# JRE version: OpenJDK Runtime Environment Temurin-21.0.6+7 (21.0.6+7) (build 21.0.6+7-LTS)
# Java VM: OpenJDK 64-Bit Server VM Temurin-21.0.6+7 (21.0.6+7-LTS, mixed mode, sharing, tiered, compressed oops, compressed class ptrs, parallel gc, windows-amd64)
GC Precious Log:
 CardTable entry size: 512
 CPUs: 8 total, 8 available
 Memory: 14249M
 Large Page Support: Disabled
 NUMA Support: Disabled
 Compressed Oops: Enabled (32-bit)
 Alignments: Space 512K, Generation 512K, Heap 2M
 Heap Min Capacity: 100M
 Heap Initial Capacity: 100M
 Heap Max Capacity: 1G
 Pre-touch: Disabled
 Parallel Workers: 8
Heap:
 PSYoungGen      total 23552K, used 7729K [0x00000000eab00000, 0x00000000ec680000, 0x0000000100000000)
  eden space 22016K, 28% used [0x00000000eab00000,0x00000000eb118e78,0x00000000ec080000)
  from space 1536K, 96% used [0x00000000ec500000,0x00000000ec673950,0x00000000ec680000)
  to   space 2048K, 0% used [0x00000000ec280000,0x00000000ec280000,0x00000000ec480000)
 ParOldGen       total 68608K, used 21509K [0x00000000c0000000, 0x00000000c4300000, 0x00000000eab00000)
  object space 68608K, 31% used [0x00000000c0000000,0x00000000c1501488,0x00000000c4300000)
 Metaspace       used 43045K, committed 44224K, reserved 1114112K
  class space    used 4523K, committed 5056K, reserved 1048576K
GC Heap History (20 events):
Event: 21.751 GC heap before
{Heap before GC invocations=9 (full 1):
 PSYoungGen      total 28672K, used 24576K [0x00000000eab00000, 0x00000000ecc00000, 0x0000000100000000)
  eden space 24576K, 100% used [0x00000000eab00000,0x00000000ec300000,0x00000000ec300000)
  from space 4096K, 0% used [0x00000000ec400000,0x00000000ec400000,0x00000000ec800000)
  to   space 4096K, 0% used [0x00000000ec800000,0x00000000ec800000,0x00000000ecc00000)
 ParOldGen       total 68608K, used 12729K [0x00000000c0000000, 0x00000000c4300000, 0x00000000eab00000)
  object space 68608K, 18% used [0x00000000c0000000,0x00000000c0c6e468,0x00000000c4300000)
 Metaspace       used 22762K, committed 23744K, reserved 1114112K
  class space    used 2257K, committed 2688K, reserved 1048576K
}
Event: 21.755 GC heap after
{Heap after GC invocations=9 (full 1):
 PSYoungGen      total 25600K, used 1053K [0x00000000eab00000, 0x00000000ec980000, 0x0000000100000000)
  eden space 24064K, 0% used [0x00000000eab00000,0x00000000eab00000,0x00000000ec280000)
  from space 1536K, 68% used [0x00000000ec800000,0x00000000ec9076b8,0x00000000ec980000)
  to   space 2560K, 0% used [0x00000000ec480000,0x00000000ec480000,0x00000000ec700000)
 ParOldGen       total 68608K, used 12737K [0x00000000c0000000, 0x00000000c4300000, 0x00000000eab00000)
  object space 68608K, 18% used [0x00000000c0000000,0x00000000c0c70468,0x00000000c4300000)
 Metaspace       used 22762K, committed 23744K, reserved 1114112K
  class space    used 2257K, committed 2688K, reserved 1048576K
}
Event: 22.687 GC heap before
{Heap before GC invocations=10 (full 1):
 PSYoungGen      total 25600K, used 25117K [0x00000000eab00000, 0x00000000ec980000, 0x0000000100000000)
  eden space 24064K, 100% used [0x00000000eab00000,0x00000000ec280000,0x00000000ec280000)
  from space 1536K, 68% used [0x00000000ec800000,0x00000000ec9076b8,0x00000000ec980000)
  to   space 2560K, 0% used [0x00000000ec480000,0x00000000ec480000,0x00000000ec700000)
 ParOldGen       total 68608K, used 12737K [0x00000000c0000000, 0x00000000c4300000, 0x00000000eab00000)
  object space 68608K, 18% used [0x00000000c0000000,0x00000000c0c70468,0x00000000c4300000)
 Metaspace       used 26384K, committed 27328K, reserved 1114112K
  class space    used 2640K, committed 3008K, reserved 1048576K
}
Event: 22.691 GC heap after
{Heap after GC invocations=10 (full 1):
 PSYoungGen      total 26112K, used 1148K [0x00000000eab00000, 0x00000000ec880000, 0x0000000100000000)
  eden space 23552K, 0% used [0x00000000eab00000,0x00000000eab00000,0x00000000ec200000)
  from space 2560K, 44% used [0x00000000ec480000,0x00000000ec59f2a8,0x00000000ec700000)
  to   space 1536K, 0% used [0x00000000ec700000,0x00000000ec700000,0x00000000ec880000)
 ParOldGen       total 68608K, used 12745K [0x00000000c0000000, 0x00000000c4300000, 0x00000000eab00000)
  object space 68608K, 18% used [0x00000000c0000000,0x00000000c0c72468,0x00000000c4300000)
 Metaspace       used 26384K, committed 27328K, reserved 1114112K
  class space    used 2640K, committed 3008K, reserved 1048576K
}
Event: 23.259 GC heap before
{Heap before GC invocations=11 (full 1):
 PSYoungGen      total 26112K, used 24318K [0x00000000eab00000, 0x00000000ec880000, 0x0000000100000000)
  eden space 23552K, 98% used [0x00000000eab00000,0x00000000ec1a0648,0x00000000ec200000)
  from space 2560K, 44% used [0x00000000ec480000,0x00000000ec59f2a8,0x00000000ec700000)
  to   space 1536K, 0% used [0x00000000ec700000,0x00000000ec700000,0x00000000ec880000)
 ParOldGen       total 68608K, used 12745K [0x00000000c0000000, 0x00000000c4300000, 0x00000000eab00000)
  object space 68608K, 18% used [0x00000000c0000000,0x00000000c0c72468,0x00000000c4300000)
 Metaspace       used 29060K, committed 30016K, reserved 1114112K
  class space    used 2906K, committed 3328K, reserved 1048576K
}
Event: 23.265 GC heap after
{Heap after GC invocations=11 (full 1):
 PSYoungGen      total 24064K, used 939K [0x00000000eab00000, 0x00000000ec800000, 0x0000000100000000)
  eden space 23040K, 0% used [0x00000000eab00000,0x00000000eab00000,0x00000000ec180000)
  from space 1024K, 91% used [0x00000000ec700000,0x00000000ec7eaf10,0x00000000ec800000)
  to   space 1536K, 0% used [0x00000000ec500000,0x00000000ec500000,0x00000000ec680000)
 ParOldGen       total 68608K, used 13540K [0x00000000c0000000, 0x00000000c4300000, 0x00000000eab00000)
  object space 68608K, 19% used [0x00000000c0000000,0x00000000c0d391d0,0x00000000c4300000)
 Metaspace       used 29060K, committed 30016K, reserved 1114112K
  class space    used 2906K, committed 3328K, reserved 1048576K
}
Event: 25.036 GC heap before
{Heap before GC invocations=12 (full 1):
 PSYoungGen      total 24064K, used 23979K [0x00000000eab00000, 0x00000000ec800000, 0x0000000100000000)
  eden space 23040K, 100% used [0x00000000eab00000,0x00000000ec180000,0x00000000ec180000)
  from space 1024K, 91% used [0x00000000ec700000,0x00000000ec7eaf10,0x00000000ec800000)
  to   space 1536K, 0% used [0x00000000ec500000,0x00000000ec500000,0x00000000ec680000)
 ParOldGen       total 68608K, used 13540K [0x00000000c0000000, 0x00000000c4300000, 0x00000000eab00000)
  object space 68608K, 19% used [0x00000000c0000000,0x00000000c0d391d0,0x00000000c4300000)
 Metaspace       used 29902K, committed 30912K, reserved 1114112K
  class space    used 2973K, committed 3392K, reserved 1048576K
}
Event: 25.042 GC heap after
{Heap after GC invocations=12 (full 1):
 PSYoungGen      total 24064K, used 755K [0x00000000eab00000, 0x00000000ec780000, 0x0000000100000000)
  eden space 22528K, 0% used [0x00000000eab00000,0x00000000eab00000,0x00000000ec100000)
  from space 1536K, 49% used [0x00000000ec500000,0x00000000ec5bcff8,0x00000000ec680000)
  to   space 1024K, 0% used [0x00000000ec680000,0x00000000ec680000,0x00000000ec780000)
 ParOldGen       total 68608K, used 15745K [0x00000000c0000000, 0x00000000c4300000, 0x00000000eab00000)
  object space 68608K, 22% used [0x00000000c0000000,0x00000000c0f604a8,0x00000000c4300000)
 Metaspace       used 29902K, committed 30912K, reserved 1114112K
  class space    used 2973K, committed 3392K, reserved 1048576K
}
Event: 25.826 GC heap before
{Heap before GC invocations=13 (full 1):
 PSYoungGen      total 24064K, used 23283K [0x00000000eab00000, 0x00000000ec780000, 0x0000000100000000)
  eden space 22528K, 100% used [0x00000000eab00000,0x00000000ec100000,0x00000000ec100000)
  from space 1536K, 49% used [0x00000000ec500000,0x00000000ec5bcff8,0x00000000ec680000)
  to   space 1024K, 0% used [0x00000000ec680000,0x00000000ec680000,0x00000000ec780000)
 ParOldGen       total 68608K, used 15745K [0x00000000c0000000, 0x00000000c4300000, 0x00000000eab00000)
  object space 68608K, 22% used [0x00000000c0000000,0x00000000c0f604a8,0x00000000c4300000)
 Metaspace       used 32171K, committed 33152K, reserved 1114112K
  class space    used 3212K, committed 3648K, reserved 1048576K
}
Event: 25.832 GC heap after
{Heap after GC invocations=13 (full 1):
 PSYoungGen      total 23040K, used 996K [0x00000000eab00000, 0x00000000ec780000, 0x0000000100000000)
  eden space 22016K, 0% used [0x00000000eab00000,0x00000000eab00000,0x00000000ec080000)
  from space 1024K, 97% used [0x00000000ec680000,0x00000000ec779160,0x00000000ec780000)
  to   space 1536K, 0% used [0x00000000ec480000,0x00000000ec480000,0x00000000ec600000)
 ParOldGen       total 68608K, used 16145K [0x00000000c0000000, 0x00000000c4300000, 0x00000000eab00000)
  object space 68608K, 23% used [0x00000000c0000000,0x00000000c0fc44e8,0x00000000c4300000)
 Metaspace       used 32171K, committed 33152K, reserved 1114112K
  class space    used 3212K, committed 3648K, reserved 1048576K
}
Event: 26.709 GC heap before
{Heap before GC invocations=14 (full 1):
 PSYoungGen      total 23040K, used 19863K [0x00000000eab00000, 0x00000000ec780000, 0x0000000100000000)
  eden space 22016K, 85% used [0x00000000eab00000,0x00000000ebd6ce38,0x00000000ec080000)
  from space 1024K, 97% used [0x00000000ec680000,0x00000000ec779160,0x00000000ec780000)
  to   space 1536K, 0% used [0x00000000ec480000,0x00000000ec480000,0x00000000ec600000)
 ParOldGen       total 68608K, used 16145K [0x00000000c0000000, 0x00000000c4300000, 0x00000000eab00000)
  object space 68608K, 23% used [0x00000000c0000000,0x00000000c0fc44e8,0x00000000c4300000)
 Metaspace       used 34819K, committed 35840K, reserved 1114112K
  class space    used 3527K, committed 3968K, reserved 1048576K
}
Event: 26.715 GC heap after
{Heap after GC invocations=14 (full 1):
 PSYoungGen      total 23552K, used 1066K [0x00000000eab00000, 0x00000000ec700000, 0x0000000100000000)
  eden space 22016K, 0% used [0x00000000eab00000,0x00000000eab00000,0x00000000ec080000)
  from space 1536K, 69% used [0x00000000ec480000,0x00000000ec58a8e0,0x00000000ec600000)
  to   space 1024K, 0% used [0x00000000ec600000,0x00000000ec600000,0x00000000ec700000)
 ParOldGen       total 68608K, used 17133K [0x00000000c0000000, 0x00000000c4300000, 0x00000000eab00000)
  object space 68608K, 24% used [0x00000000c0000000,0x00000000c10bb648,0x00000000c4300000)
 Metaspace       used 34819K, committed 35840K, reserved 1114112K
  class space    used 3527K, committed 3968K, reserved 1048576K
}
Event: 26.715 GC heap before
{Heap before GC invocations=15 (full 2):
 PSYoungGen      total 23552K, used 1066K [0x00000000eab00000, 0x00000000ec700000, 0x0000000100000000)
  eden space 22016K, 0% used [0x00000000eab00000,0x00000000eab00000,0x00000000ec080000)
  from space 1536K, 69% used [0x00000000ec480000,0x00000000ec58a8e0,0x00000000ec600000)
  to   space 1024K, 0% used [0x00000000ec600000,0x00000000ec600000,0x00000000ec700000)
 ParOldGen       total 68608K, used 17133K [0x00000000c0000000, 0x00000000c4300000, 0x00000000eab00000)
  object space 68608K, 24% used [0x00000000c0000000,0x00000000c10bb648,0x00000000c4300000)
 Metaspace       used 34819K, committed 35840K, reserved 1114112K
  class space    used 3527K, committed 3968K, reserved 1048576K
}
Event: 26.817 GC heap after
{Heap after GC invocations=15 (full 2):
 PSYoungGen      total 23552K, used 0K [0x00000000eab00000, 0x00000000ec700000, 0x0000000100000000)
  eden space 22016K, 0% used [0x00000000eab00000,0x00000000eab00000,0x00000000ec080000)
  from space 1536K, 0% used [0x00000000ec480000,0x00000000ec480000,0x00000000ec600000)
  to   space 1024K, 0% used [0x00000000ec600000,0x00000000ec600000,0x00000000ec700000)
 ParOldGen       total 68608K, used 17497K [0x00000000c0000000, 0x00000000c4300000, 0x00000000eab00000)
  object space 68608K, 25% used [0x00000000c0000000,0x00000000c1116630,0x00000000c4300000)
 Metaspace       used 34819K, committed 35840K, reserved 1114112K
  class space    used 3527K, committed 3968K, reserved 1048576K
}
Event: 27.524 GC heap before
{Heap before GC invocations=16 (full 2):
 PSYoungGen      total 23552K, used 22015K [0x00000000eab00000, 0x00000000ec700000, 0x0000000100000000)
  eden space 22016K, 99% used [0x00000000eab00000,0x00000000ec07ffb0,0x00000000ec080000)
  from space 1536K, 0% used [0x00000000ec480000,0x00000000ec480000,0x00000000ec600000)
  to   space 1024K, 0% used [0x00000000ec600000,0x00000000ec600000,0x00000000ec700000)
 ParOldGen       total 68608K, used 17497K [0x00000000c0000000, 0x00000000c4300000, 0x00000000eab00000)
  object space 68608K, 25% used [0x00000000c0000000,0x00000000c1116630,0x00000000c4300000)
 Metaspace       used 37480K, committed 38656K, reserved 1114112K
  class space    used 3842K, committed 4352K, reserved 1048576K
}
Event: 27.528 GC heap after
{Heap after GC invocations=16 (full 2):
 PSYoungGen      total 23040K, used 1003K [0x00000000eab00000, 0x00000000ec700000, 0x0000000100000000)
  eden space 22016K, 0% used [0x00000000eab00000,0x00000000eab00000,0x00000000ec080000)
  from space 1024K, 98% used [0x00000000ec600000,0x00000000ec6faec0,0x00000000ec700000)
  to   space 2048K, 0% used [0x00000000ec300000,0x00000000ec300000,0x00000000ec500000)
 ParOldGen       total 68608K, used 17999K [0x00000000c0000000, 0x00000000c4300000, 0x00000000eab00000)
  object space 68608K, 26% used [0x00000000c0000000,0x00000000c1193e90,0x00000000c4300000)
 Metaspace       used 37480K, committed 38656K, reserved 1114112K
  class space    used 3842K, committed 4352K, reserved 1048576K
}
Event: 28.453 GC heap before
{Heap before GC invocations=17 (full 2):
 PSYoungGen      total 23040K, used 23016K [0x00000000eab00000, 0x00000000ec700000, 0x0000000100000000)
  eden space 22016K, 99% used [0x00000000eab00000,0x00000000ec07f180,0x00000000ec080000)
  from space 1024K, 98% used [0x00000000ec600000,0x00000000ec6faec0,0x00000000ec700000)
  to   space 2048K, 0% used [0x00000000ec300000,0x00000000ec300000,0x00000000ec500000)
 ParOldGen       total 68608K, used 18007K [0x00000000c0000000, 0x00000000c4300000, 0x00000000eab00000)
  object space 68608K, 26% used [0x00000000c0000000,0x00000000c1195ea0,0x00000000c4300000)
 Metaspace       used 40059K, committed 41152K, reserved 1114112K
  class space    used 4162K, committed 4608K, reserved 1048576K
}
Event: 28.462 GC heap after
{Heap after GC invocations=17 (full 2):
 PSYoungGen      total 24064K, used 1936K [0x00000000eab00000, 0x00000000ec680000, 0x0000000100000000)
  eden space 22016K, 0% used [0x00000000eab00000,0x00000000eab00000,0x00000000ec080000)
  from space 2048K, 94% used [0x00000000ec300000,0x00000000ec4e4010,0x00000000ec500000)
  to   space 1536K, 0% used [0x00000000ec500000,0x00000000ec500000,0x00000000ec680000)
 ParOldGen       total 68608K, used 18982K [0x00000000c0000000, 0x00000000c4300000, 0x00000000eab00000)
  object space 68608K, 27% used [0x00000000c0000000,0x00000000c1289948,0x00000000c4300000)
 Metaspace       used 40059K, committed 41152K, reserved 1114112K
  class space    used 4162K, committed 4608K, reserved 1048576K
}
Event: 29.556 GC heap before
{Heap before GC invocations=18 (full 2):
 PSYoungGen      total 24064K, used 23952K [0x00000000eab00000, 0x00000000ec680000, 0x0000000100000000)
  eden space 22016K, 100% used [0x00000000eab00000,0x00000000ec080000,0x00000000ec080000)
  from space 2048K, 94% used [0x00000000ec300000,0x00000000ec4e4010,0x00000000ec500000)
  to   space 1536K, 0% used [0x00000000ec500000,0x00000000ec500000,0x00000000ec680000)
 ParOldGen       total 68608K, used 18984K [0x00000000c0000000, 0x00000000c4300000, 0x00000000eab00000)
  object space 68608K, 27% used [0x00000000c0000000,0x00000000c128a138,0x00000000c4300000)
 Metaspace       used 42286K, committed 43520K, reserved 1114112K
  class space    used 4436K, committed 4992K, reserved 1048576K
}
Event: 29.567 GC heap after
{Heap after GC invocations=18 (full 2):
 PSYoungGen      total 23552K, used 1486K [0x00000000eab00000, 0x00000000ec680000, 0x0000000100000000)
  eden space 22016K, 0% used [0x00000000eab00000,0x00000000eab00000,0x00000000ec080000)
  from space 1536K, 96% used [0x00000000ec500000,0x00000000ec673950,0x00000000ec680000)
  to   space 2048K, 0% used [0x00000000ec280000,0x00000000ec280000,0x00000000ec480000)
 ParOldGen       total 68608K, used 21509K [0x00000000c0000000, 0x00000000c4300000, 0x00000000eab00000)
  object space 68608K, 31% used [0x00000000c0000000,0x00000000c1501488,0x00000000c4300000)
 Metaspace       used 42286K, committed 43520K, reserved 1114112K
  class space    used 4436K, committed 4992K, reserved 1048576K
}

